<component name="libraryTable">
  <library name="junit-4.12">
    <CLASSES>
      <root url="jar://$PROJECT_DIR$/lib/junit-4.12.jar!/" />
      <root url="jar://$PROJECT_DIR$/lib/log4j-1.2.17.jar!/" />
      <root url="jar://$PROJECT_DIR$/lib/slf4j-api-1.7.5.jar!/" />
      <root url="jar://$PROJECT_DIR$/lib/asm-3.3.1.jar!/" />
      <root url="jar://$PROJECT_DIR$/lib/javassist-3.17.1-GA.jar!/" />
      <root url="jar://$PROJECT_DIR$/lib/mybatis-spring-1.2.1.jar!/" />
      <root url="jar://$PROJECT_DIR$/lib/mybatis-3.3.1.jar!/" />
      <root url="jar://$PROJECT_DIR$/lib/slf4j-log4j12-1.7.5.jar!/" />
      <root url="jar://$PROJECT_DIR$/lib/cglib-2.2.2.jar!/" />
      <root url="jar://$PROJECT_DIR$/lib/ojdbc6.jar!/" />
      <root url="jar://$PROJECT_DIR$/lib/hamcrest-core-1.3.jar!/" />
    </CLASSES>
    <JAVADOC />
    <SOURCES />
  </library>
</component>